==31230== Memcheck, a memory error detector
==31230== Copyright (C) 2002-2012, and GNU GPL'd, by Julian Seward et al.
==31230== Using Valgrind-3.8.1 and LibVEX; rerun with -h for copyright info
==31230== Command: ./proj1
==31230== Parent PID: 30871
==31230== 
--31230-- 
--31230-- Valgrind options:
--31230--    --tool=memcheck
--31230--    --leak-check=full
--31230--    --verbose
--31230--    --log-file=memcheck.log
--31230-- Contents of /proc/version:
--31230--   Linux version 2.6.32-573.7.1.el6.x86_64 (mockbuild@x86-031.build.eng.bos.redhat.com) (gcc version 4.4.7 20120313 (Red Hat 4.4.7-16) (GCC) ) #1 SMP Thu Sep 10 13:42:16 EDT 2015
--31230-- Arch and hwcaps: AMD64, amd64-sse3-cx16-avx
--31230-- Page sizes: currently 4096, max supported 4096
--31230-- Valgrind library directory: /usr/lib64/valgrind
--31230-- Reading syms from /home/shay/a/verma24/ECE368/ece368-proj1/proj1
--31230-- Reading syms from /usr/lib64/valgrind/memcheck-amd64-linux
--31230--    object doesn't have a dynamic symbol table
--31230-- Reading syms from /lib64/ld-2.12.so
--31230-- Scheduler: using generic scheduler lock implementation.
--31230-- Reading suppressions file: /usr/lib64/valgrind/default.supp
==31230== embedded gdbserver: reading from /tmp/vgdb-pipe-from-vgdb-to-31230-by-verma24-on-ee207lnx05.ecn.purdue.edu
==31230== embedded gdbserver: writing to   /tmp/vgdb-pipe-to-vgdb-from-31230-by-verma24-on-ee207lnx05.ecn.purdue.edu
==31230== embedded gdbserver: shared mem   /tmp/vgdb-pipe-shared-mem-vgdb-31230-by-verma24-on-ee207lnx05.ecn.purdue.edu
==31230== 
==31230== TO CONTROL THIS PROCESS USING vgdb (which you probably
==31230== don't want to do, unless you know exactly what you're doing,
==31230== or are doing some strange experiment):
==31230==   /usr/lib64/valgrind/../../bin/vgdb --pid=31230 ...command...
==31230== 
==31230== TO DEBUG THIS PROCESS USING GDB: start GDB like this
==31230==   /path/to/gdb ./proj1
==31230== and then give GDB the following command
==31230==   target remote | /usr/lib64/valgrind/../../bin/vgdb --pid=31230
==31230== --pid is optional if only one valgrind process is running
==31230== 
--31230-- REDIR: 0x3c7b417c30 (strlen) redirected to 0x38049551 (vgPlain_amd64_linux_REDIR_FOR_strlen)
--31230-- Reading syms from /usr/lib64/valgrind/vgpreload_core-amd64-linux.so
--31230-- Reading syms from /usr/lib64/valgrind/vgpreload_memcheck-amd64-linux.so
--31230-- REDIR: 0x3c7b417a40 (index) redirected to 0x4a07c30 (index)
--31230-- REDIR: 0x3c7b417ac0 (strcmp) redirected to 0x4a08570 (strcmp)
--31230-- Reading syms from /lib64/libc-2.12.so
--31230-- REDIR: 0x3c7b884d00 (strcasecmp) redirected to 0x480155c (_vgnU_ifunc_wrapper)
--31230-- REDIR: 0x3c7b886fc0 (strncasecmp) redirected to 0x480155c (_vgnU_ifunc_wrapper)
--31230-- REDIR: 0x3c7b882c70 (__GI_strrchr) redirected to 0x4a07ab0 (__GI_strrchr)
--31230-- REDIR: 0x3c7b881190 (__GI_strlen) redirected to 0x4a07fb0 (__GI_strlen)
--31230-- REDIR: 0x3c7b884530 (mempcpy) redirected to 0x4a0a020 (mempcpy)
--31230-- REDIR: 0x3c7b88ab20 (strchrnul) redirected to 0x4a09fb0 (strchrnul)
--31230-- REDIR: 0x3c7b87b920 (free) redirected to 0x4a063a9 (free)
==31230== 
==31230== HEAP SUMMARY:
==31230==     in use at exit: 0 bytes in 0 blocks
==31230==   total heap usage: 0 allocs, 0 frees, 0 bytes allocated
==31230== 
==31230== All heap blocks were freed -- no leaks are possible
==31230== 
==31230== ERROR SUMMARY: 0 errors from 0 contexts (suppressed: 6 from 6)
--31230-- 
--31230-- used_suppression:      4 U1004-ARM-_dl_relocate_object
--31230-- used_suppression:      2 glibc-2.5.x-on-SUSE-10.2-(PPC)-2a
==31230== 
==31230== ERROR SUMMARY: 0 errors from 0 contexts (suppressed: 6 from 6)
